<?xml version="1.0" encoding="UTF-8"?>
<!-- Generated by org.testng.reporters.JUnitReportReporter -->
<testsuite hostname="DESKTOP-EOS1V13" failures="0" tests="1" name="tests.Test1" time="9.510" errors="0" timestamp="2021-03-04T14:22:57 CST" skipped="0">
  <testcase classname="tests.Test1" name="searchCars" time="9.510"/>
  <system-out/>
</testsuite> <!-- tests.Test1 -->
